<?xml version="1.0" encoding="UTF-8"?>
<testsuites name="Mocha Tests" time="0.0210" tests="11" failures="2">
  <testsuite name="Root Suite" timestamp="2022-03-15T15:01:18" tests="0" time="0.0000" failures="0">
  </testsuite>
  <testsuite name="Auth" timestamp="2022-03-15T15:01:18" tests="0" file="C:\projects\personal\gateway-demo\test\unit\auth\index.test.js" time="0.0000" failures="0">
  </testsuite>
  <testsuite name="Smoke Test" timestamp="2022-03-15T15:01:18" tests="1" file="C:\projects\personal\gateway-demo\test\unit\auth\index.test.js" time="0.0040" failures="0">
    <testcase name="Auth Smoke Test SHOULD contain auth.createToken Function" time="0.0010" classname="SHOULD contain auth.createToken Function">
    </testcase>
  </testsuite>
  <testsuite name="Create Token" timestamp="2022-03-15T15:01:18" tests="0" file="C:\projects\personal\gateway-demo\test\unit\auth\post.test.js" time="0.0000" failures="0">
  </testsuite>
  <testsuite name="createToken" timestamp="2022-03-15T15:01:18" tests="1" file="C:\projects\personal\gateway-demo\test\unit\auth\post.test.js" time="0.0060" failures="1">
    <testcase name="Create Token createToken SHOULD call request.post once" time="0.0010" classname="SHOULD call request.post once">
      <failure message="Cannot read properties of undefined (reading &apos;then&apos;)" type="TypeError"><![CDATA[TypeError: Cannot read properties of undefined (reading 'then')
    at GatewayService.createToken (src\auth\post.js:7:134)
    at Context.<anonymous> (test\unit\auth\post.test.js:2:5201)
    at processImmediate (node:internal/timers:464:21)]]></failure>
    </testcase>
  </testsuite>
  <testsuite name="Get Cards" timestamp="2022-03-15T15:01:18" tests="0" file="C:\projects\personal\gateway-demo\test\unit\cards\get.test.js" time="0.0000" failures="0">
  </testsuite>
  <testsuite name="getCards" timestamp="2022-03-15T15:01:18" tests="1" file="C:\projects\personal\gateway-demo\test\unit\cards\get.test.js" time="0.0030" failures="1">
    <testcase name="Get Cards getCards SHOULD call get once" time="0.0010" classname="SHOULD call get once">
      <failure message="expected post to have been called with arguments " type="AssertionError"><![CDATA[AssertionError: expected post to have been called with arguments 
    at Context.<anonymous> (test\unit\cards\get.test.js:2:4938)
    at processImmediate (node:internal/timers:464:21)]]></failure>
    </testcase>
  </testsuite>
  <testsuite name="Cards" timestamp="2022-03-15T15:01:18" tests="0" file="C:\projects\personal\gateway-demo\test\unit\cards\index.test.js" time="0.0000" failures="0">
  </testsuite>
  <testsuite name="Smoke Test" timestamp="2022-03-15T15:01:18" tests="1" file="C:\projects\personal\gateway-demo\test\unit\cards\index.test.js" time="0.0010" failures="0">
    <testcase name="Cards Smoke Test SHOULD contain cards.getCards Function" time="0.0000" classname="SHOULD contain cards.getCards Function">
    </testcase>
  </testsuite>
  <testsuite name="GatewayService" timestamp="2022-03-15T15:01:18" tests="0" file="C:\projects\personal\gateway-demo\test\unit\index.test.js" time="0.0000" failures="0">
  </testsuite>
  <testsuite name="Smoke Tests" timestamp="2022-03-15T15:01:18" tests="4" file="C:\projects\personal\gateway-demo\test\unit\index.test.js" time="0.0020" failures="0">
    <testcase name="GatewayService Smoke Tests SHOULD be a class" time="0.0000" classname="SHOULD be a class">
    </testcase>
    <testcase name="GatewayService Smoke Tests SHOULD contain cards Object" time="0.0010" classname="SHOULD contain cards Object">
    </testcase>
    <testcase name="GatewayService Smoke Tests SHOULD contain auth Object" time="0.0000" classname="SHOULD contain auth Object">
    </testcase>
    <testcase name="GatewayService Smoke Tests SHOULD have static method getInstance" time="0.0010" classname="SHOULD have static method getInstance">
    </testcase>
  </testsuite>
  <testsuite name="GatewayService Singleton" timestamp="2022-03-15T15:01:18" tests="1" file="C:\projects\personal\gateway-demo\test\unit\index.test.js" time="0.0010" failures="0">
    <testcase name="GatewayService GatewayService Singleton GIVEN new instance of GatewayService env should be equal to DEVELOPMENT" time="0.0000" classname="GIVEN new instance of GatewayService env should be equal to DEVELOPMENT">
    </testcase>
  </testsuite>
  <testsuite name="getInstance()" timestamp="2022-03-15T15:01:18" tests="1" file="C:\projects\personal\gateway-demo\test\unit\index.test.js" time="0.0000" failures="0">
    <testcase name="GatewayService getInstance() SHOULD return env as PRODUCTION" time="0.0000" classname="SHOULD return env as PRODUCTION">
    </testcase>
  </testsuite>
  <testsuite name="paramSerializer" timestamp="2022-03-15T15:01:18" tests="1" file="C:\projects\personal\gateway-demo\test\unit\index.test.js" time="0.0010" failures="0">
    <testcase name="GatewayService paramSerializer SHOULD return QUERY PARAMS" time="0.0010" classname="SHOULD return QUERY PARAMS">
    </testcase>
  </testsuite>
</testsuites>